<?xml version="1.0" encoding="UTF-8"?>
<!-- Generated by org.testng.reporters.JUnitReportReporter -->
<testsuite hostname="HP" failures="0" tests="1" name="com.testleaf.testcases.TC001_Login" time="8.565" errors="0" timestamp="2023-01-06T23:37:49 GMT" skipped="0">
  <testcase classname="com.testleaf.testcases.TC001_Login" name="verifyLogin" time="8.565"/>
</testsuite> <!-- com.testleaf.testcases.TC001_Login -->
