<?xml version="1.0" encoding="UTF-8"?>
<!-- Generated by org.testng.reporters.JUnitReportReporter -->
<testsuite hostname="HP" failures="0" tests="3" name="testNG.AnnotationOrder" time="0.013" errors="0" timestamp="2022-04-24T15:16:22 BST" skipped="0">
  <testcase classname="testNG.AnnotationOrder" name="test3" time="0.004"/>
  <testcase classname="testNG.AnnotationOrder" name="test2" time="0.006"/>
  <testcase classname="testNG.AnnotationOrder" name="test" time="0.003"/>
</testsuite> <!-- testNG.AnnotationOrder -->
