<?xml version="1.0" encoding="UTF-8"?>
<!-- Generated by org.testng.reporters.JUnitReportReporter -->
<testsuite hostname="HP" failures="0" tests="4" name="testNG.TestinPriority" time="64.268" errors="0" timestamp="2022-12-01T23:32:52 GMT" skipped="0">
  <testcase classname="testNG.TestinPriority" name="createLead" time="32.615"/>
  <testcase classname="testNG.TestinPriority" name="mergeLead" time="8.449"/>
  <testcase classname="testNG.TestinPriority" name="editlead" time="11.668"/>
  <testcase classname="testNG.TestinPriority" name="deleteLead" time="11.536"/>
</testsuite> <!-- testNG.TestinPriority -->
