<?xml version="1.0" encoding="UTF-8"?>
<!-- Generated by org.testng.reporters.JUnitReportReporter -->
<testsuite hostname="HP" failures="0" tests="1" name="TestNG_TestCases.EditLead" time="12.322" errors="0" timestamp="2022-04-30T23:39:02 BST" skipped="0">
  <testcase classname="TestNG_TestCases.EditLead" name="editLead" time="12.322"/>
</testsuite> <!-- TestNG_TestCases.EditLead -->
