<?xml version="1.0" encoding="UTF-8"?>
<!-- Generated by org.testng.reporters.JUnitReportReporter -->
<testsuite hostname="HP" failures="0" tests="4" name="testNG.TestinPriority" time="63.785" errors="0" timestamp="2022-04-24T23:49:30 BST" skipped="0">
  <testcase classname="testNG.TestinPriority" name="createLead" time="19.105"/>
  <testcase classname="testNG.TestinPriority" name="mergeLead" time="12.394"/>
  <testcase classname="testNG.TestinPriority" name="editlead" time="16.293"/>
  <testcase classname="testNG.TestinPriority" name="deleteLead" time="15.993"/>
</testsuite> <!-- testNG.TestinPriority -->
