<?xml version="1.0" encoding="UTF-8"?>
<!-- Generated by org.testng.reporters.JUnitReportReporter -->
<testsuite hostname="HP" failures="0" tests="3" name="steps.RunnerFile" time="0.166" errors="0" timestamp="2022-12-30T23:28:49 GMT" skipped="3">
  <testcase classname="steps.RunnerFile" name="runScenario" time="0.157">
    <skipped/>
  </testcase> <!-- runScenario -->
  <testcase classname="steps.RunnerFile" name="runScenario" time="0.005">
    <skipped/>
  </testcase> <!-- runScenario -->
  <testcase classname="steps.RunnerFile" name="runScenario" time="0.004">
    <skipped/>
  </testcase> <!-- runScenario -->
</testsuite> <!-- steps.RunnerFile -->
