<?xml version="1.0" encoding="UTF-8"?>
<!-- Generated by org.testng.reporters.JUnitReportReporter -->
<testsuite hostname="HP" failures="0" tests="1" name="TestNG_TestCases.EditLead" time="31.641" errors="0" timestamp="2022-12-08T23:36:58 GMT" skipped="0">
  <testcase classname="TestNG_TestCases.EditLead" name="editLead" time="31.641"/>
</testsuite> <!-- TestNG_TestCases.EditLead -->
