<?xml version="1.0" encoding="UTF-8"?>
<!-- Generated by org.testng.reporters.JUnitReportReporter -->
<testsuite hostname="HP" failures="0" tests="3" name="learnParameters.Parameters_CreatLead" time="51.983" errors="0" timestamp="2022-05-26T12:11:44 BST" skipped="0">
  <testcase classname="learnParameters.Parameters_CreatLead" name="creatLead" time="16.315"/>
  <testcase classname="learnParameters.Parameters_CreatLead" name="creatLead" time="19.159"/>
  <testcase classname="learnParameters.Parameters_CreatLead" name="creatLead" time="16.509"/>
</testsuite> <!-- learnParameters.Parameters_CreatLead -->
